La génération a démarré 28/10/2011 19:48:40.
     1>Projet "D:\moreaux\mes documents2\ECOLE\informatique\assignment2\assignment2.vcxproj" sur le nœud 2 (build cible(s)).
     1>InitializeBuildStatus:
         Création de "Debug\assignment2.unsuccessfulbuild", car "AlwaysCreate" a été spécifié.
       ClCompile:
         c:\Program Files (x86)\Microsoft Visual Studio 10.0\VC\bin\CL.exe /c /ZI /nologo /W3 /WX- /Od /Oy- /D WIN32 /D _DEBUG /D _CONSOLE /D _UNICODE /D UNICODE /Gm /EHsc /RTC1 /MDd /GS /fp:precise /Zc:wchar_t /Zc:forScope /Fo"Debug\\" /Fd"Debug\vc100.pdb" /Gd /TP /analyze- /errorReport:prompt BookingManager.cpp
         BookingManager.cpp
       ManifestResourceCompile:
         Toutes les sorties sont à jour.
       Link:
         c:\Program Files (x86)\Microsoft Visual Studio 10.0\VC\bin\link.exe /ERRORREPORT:PROMPT /OUT:"D:\moreaux\mes documents2\ECOLE\informatique\assignment2\Debug\assignment2.exe" /INCREMENTAL /NOLOGO kernel32.lib user32.lib gdi32.lib winspool.lib comdlg32.lib advapi32.lib shell32.lib ole32.lib oleaut32.lib uuid.lib odbc32.lib odbccp32.lib /MANIFEST /ManifestFile:"Debug\assignment2.exe.intermediate.manifest" /MANIFESTUAC:"level='asInvoker' uiAccess='false'" /DEBUG /PDB:"D:\moreaux\mes documents2\ECOLE\informatique\assignment2\Debug\assignment2.pdb" /SUBSYSTEM:CONSOLE /TLBID:1 /DYNAMICBASE /NXCOMPAT /IMPLIB:"D:\moreaux\mes documents2\ECOLE\informatique\assignment2\Debug\assignment2.lib" /MACHINE:X86 Debug\assignment2.exe.embed.manifest.res
         Debug\assignment2.obj
         Debug\Booking.obj
         Debug\BookingManager.obj
         Debug\Customer.obj
         Debug\Date.obj
         Debug\myFunctions.obj
         Debug\RoomReservation.obj
         Debug\stdafx.obj
       Manifest:
         c:\Program Files (x86)\Microsoft SDKs\Windows\v7.0A\bin\mt.exe /nologo /verbose /out:"Debug\assignment2.exe.embed.manifest" /manifest Debug\assignment2.exe.intermediate.manifest
         Toutes les sorties sont à jour.
       LinkEmbedManifest:
         Toutes les sorties sont à jour.
         assignment2.vcxproj -> D:\moreaux\mes documents2\ECOLE\informatique\assignment2\Debug\assignment2.exe
       FinalizeBuildStatus:
         Suppression du fichier "Debug\assignment2.unsuccessfulbuild".
         Mise à jour de l'horodatage "Debug\assignment2.lastbuildstate".
     1>Génération du projet "D:\moreaux\mes documents2\ECOLE\informatique\assignment2\assignment2.vcxproj" terminée (build cible(s)).

La génération a réussi.

Temps écoulé 00:00:05.16
