La génération a démarré 30/11/2011 01:30:58.
     1>Projet "D:\moreaux\mes documents2\ECOLE\informatique\assignment5\assignment5.vcxproj" sur le nœud 2 (build cible(s)).
     1>InitializeBuildStatus:
         Création de "Debug\assignment5.unsuccessfulbuild", car "AlwaysCreate" a été spécifié.
       ClCompile:
         c:\Program Files (x86)\Microsoft Visual Studio 10.0\VC\bin\CL.exe /c /ZI /nologo /W3 /WX- /Od /Oy- /D WIN32 /D _DEBUG /D _CONSOLE /D _UNICODE /D UNICODE /Gm /EHsc /RTC1 /MDd /GS /fp:precise /Zc:wchar_t /Zc:forScope /Fo"Debug\\" /Fd"Debug\vc100.pdb" /Gd /TP /analyze- /errorReport:prompt LinkedList.cpp
         LinkedList.cpp
     1>d:\moreaux\mes documents2\ecole\informatique\assignment5\linkedlist.cpp(129): warning C4018: '<' : incompatibilité signed/unsigned
     1>d:\moreaux\mes documents2\ecole\informatique\assignment5\linkedlist.cpp(162): warning C4996: 'itoa': The POSIX name for this item is deprecated. Instead, use the ISO C++ conformant name: _itoa. See online help for details.
                 c:\program files (x86)\microsoft visual studio 10.0\vc\include\stdlib.h(867) : voir la déclaration de 'itoa'
     1>d:\moreaux\mes documents2\ecole\informatique\assignment5\linkedlist.cpp(166): warning C4996: 'itoa': The POSIX name for this item is deprecated. Instead, use the ISO C++ conformant name: _itoa. See online help for details.
                 c:\program files (x86)\microsoft visual studio 10.0\vc\include\stdlib.h(867) : voir la déclaration de 'itoa'
     1>c:\program files (x86)\microsoft visual studio 10.0\vc\include\xutility(2227): warning C4996: 'std::_Copy_impl': Function call with parameters that may be unsafe - this call relies on the caller to check that the passed values are correct. To disable this warning, use -D_SCL_SECURE_NO_WARNINGS. See documentation on how to use Visual C++ 'Checked Iterators'
                 c:\program files (x86)\microsoft visual studio 10.0\vc\include\xutility(2212) : voir la déclaration de 'std::_Copy_impl'
                 d:\moreaux\mes documents2\ecole\informatique\assignment5\linkedlist.cpp(148) : voir la référence à l'instanciation de la fonction modèle '_OutIt std::copy<std::_String_iterator<_Elem,_Traits,_Alloc>,char*>(_InIt,_InIt,_OutIt)' en cours de compilation
                 with
                 [
                     _OutIt=char *,
                     _Elem=char,
                     _Traits=std::char_traits<char>,
                     _Alloc=std::allocator<char>,
                     _InIt=std::_String_iterator<char,std::char_traits<char>,std::allocator<char>>
                 ]
       ManifestResourceCompile:
         Toutes les sorties sont à jour.
       Link:
         c:\Program Files (x86)\Microsoft Visual Studio 10.0\VC\bin\link.exe /ERRORREPORT:PROMPT /OUT:"D:\moreaux\mes documents2\ECOLE\informatique\assignment5\Debug\assignment5.exe" /INCREMENTAL /NOLOGO kernel32.lib user32.lib gdi32.lib winspool.lib comdlg32.lib advapi32.lib shell32.lib ole32.lib oleaut32.lib uuid.lib odbc32.lib odbccp32.lib /MANIFEST /ManifestFile:"Debug\assignment5.exe.intermediate.manifest" /MANIFESTUAC:"level='asInvoker' uiAccess='false'" /DEBUG /PDB:"D:\moreaux\mes documents2\ECOLE\informatique\assignment5\Debug\assignment5.pdb" /SUBSYSTEM:CONSOLE /TLBID:1 /DYNAMICBASE /NXCOMPAT /IMPLIB:"D:\moreaux\mes documents2\ECOLE\informatique\assignment5\Debug\assignment5.lib" /MACHINE:X86 Debug\assignment5.exe.embed.manifest.res
         Debug\assignment5.obj
         Debug\LinkedList.obj
         Debug\Node.obj
         Debug\stdafx.obj
       Manifest:
         c:\Program Files (x86)\Microsoft SDKs\Windows\v7.0A\bin\mt.exe /nologo /verbose /out:"Debug\assignment5.exe.embed.manifest" /manifest Debug\assignment5.exe.intermediate.manifest
         Toutes les sorties sont à jour.
       LinkEmbedManifest:
         Toutes les sorties sont à jour.
         assignment5.vcxproj -> D:\moreaux\mes documents2\ECOLE\informatique\assignment5\Debug\assignment5.exe
       FinalizeBuildStatus:
         Suppression du fichier "Debug\assignment5.unsuccessfulbuild".
         Mise à jour de l'horodatage "Debug\assignment5.lastbuildstate".
     1>Génération du projet "D:\moreaux\mes documents2\ECOLE\informatique\assignment5\assignment5.vcxproj" terminée (build cible(s)).

La génération a réussi.

Temps écoulé 00:00:01.90
