La génération a démarré 06/10/2011 11:35:09.
     1>Projet "D:\moreaux\mes documents2\ECOLE\informatique\assignment2.1\assignment2.1.vcxproj" sur le nœud 2 (build cible(s)).
     1>InitializeBuildStatus:
         Mise à jour de l'horodatage "Debug\assignment2.1.unsuccessfulbuild".
       ClCompile:
         c:\Program Files (x86)\Microsoft Visual Studio 10.0\VC\bin\CL.exe /c /ZI /nologo /W3 /WX- /Od /Oy- /D WIN32 /D _DEBUG /D _CONSOLE /D _UNICODE /D UNICODE /Gm /EHsc /RTC1 /MDd /GS /fp:precise /Zc:wchar_t /Zc:forScope /Fo"Debug\\" /Fd"Debug\vc100.pdb" /Gd /TP /analyze- /errorReport:prompt Customer.cpp
         Customer.cpp
       ResourceCompile:
         Toutes les sorties sont à jour.
       ManifestResourceCompile:
         Toutes les sorties sont à jour.
       Link:
         c:\Program Files (x86)\Microsoft Visual Studio 10.0\VC\bin\link.exe /ERRORREPORT:PROMPT /OUT:"D:\moreaux\mes documents2\ECOLE\informatique\assignment2.1\Debug\assignment2.1.exe" /INCREMENTAL /NOLOGO kernel32.lib user32.lib gdi32.lib winspool.lib comdlg32.lib advapi32.lib shell32.lib ole32.lib oleaut32.lib uuid.lib odbc32.lib odbccp32.lib /MANIFEST /ManifestFile:"Debug\assignment2.1.exe.intermediate.manifest" /MANIFESTUAC:"level='asInvoker' uiAccess='false'" /DEBUG /PDB:"D:\moreaux\mes documents2\ECOLE\informatique\assignment2.1\Debug\assignment2.1.pdb" /SUBSYSTEM:CONSOLE /TLBID:1 /DYNAMICBASE /NXCOMPAT /IMPLIB:"D:\moreaux\mes documents2\ECOLE\informatique\assignment2.1\Debug\assignment2.1.lib" /MACHINE:X86 Debug\assignment2.1.res
         Debug\assignment2.1.exe.embed.manifest.res
         Debug\assignment2.1.obj
         Debug\Customer.obj
         Debug\Date.obj
         Debug\stdafx.obj
       Manifest:
         c:\Program Files (x86)\Microsoft SDKs\Windows\v7.0A\bin\mt.exe /nologo /verbose /out:"Debug\assignment2.1.exe.embed.manifest" /manifest Debug\assignment2.1.exe.intermediate.manifest
         Toutes les sorties sont à jour.
       LinkEmbedManifest:
         Toutes les sorties sont à jour.
         assignment2.1.vcxproj -> D:\moreaux\mes documents2\ECOLE\informatique\assignment2.1\Debug\assignment2.1.exe
       FinalizeBuildStatus:
         Suppression du fichier "Debug\assignment2.1.unsuccessfulbuild".
         Mise à jour de l'horodatage "Debug\assignment2.1.lastbuildstate".
     1>Génération du projet "D:\moreaux\mes documents2\ECOLE\informatique\assignment2.1\assignment2.1.vcxproj" terminée (build cible(s)).

La génération a réussi.

Temps écoulé 00:00:03.12
